<?xml version="1.0" encoding="UTF-8"?>
<!-- Generated by org.testng.reporters.JUnitReportReporter -->
<testsuite hostname="vladimirs-mbp.lan" failures="0" tests="1" name="com.yourcompany.test.WebstaurantStoreTest" time="8.435" errors="0" timestamp="2024-02-27T16:30:34 EST" skipped="0">
  <testcase classname="com.yourcompany.test.WebstaurantStoreTest" name="testSearchForStainlessWorkTable" time="8.435"/>
  <system-out/>
</testsuite> <!-- com.yourcompany.test.WebstaurantStoreTest -->
